consign v0.1.6 Initialized in /Users/gustavolopes/Documents/Estudos/nodejs-casa-do-codigo/ntalk
consign v0.1.6 Initialized in /Users/gustavolopes/Documents/Estudos/nodejs-casa-do-codigo/ntalk
consign v0.1.6 Initialized in /Users/gustavolopes/Documents/Estudos/nodejs-casa-do-codigo/ntalk
+ ./models/usuario.js
+ ./controllers/chat.js
+ ./controllers/contatos.js
+ ./controllers/home.js
consign v0.1.6 Initialized in /Users/gustavolopes/Documents/Estudos/nodejs-casa-do-codigo/ntalk
+ ./routes/chat.js
+ ./routes/contatos.js
+ ./models/usuario.js
+ ./routes/home.js
+ ./events/chat.js
+ ./controllers/chat.js
+ ./controllers/contatos.js
+ ./models/usuario.js
+ ./controllers/home.js
+ ./routes/chat.js
+ ./routes/contatos.js
+ ./routes/home.js
+ ./controllers/chat.js
+ ./controllers/contatos.js
+ ./events/chat.js
+ ./controllers/home.js
+ ./models/usuario.js
+ ./routes/chat.js
+ ./routes/contatos.js
+ ./routes/home.js
+ ./controllers/chat.js
+ ./controllers/contatos.js
+ ./events/chat.js
+ ./controllers/home.js
+ ./routes/chat.js
+ ./routes/contatos.js
+ ./routes/home.js
+ ./events/chat.js
Ntalk no ar.
Ntalk no ar.
Cluster 2242 conectado.
Cluster 2241 conectado.
Ntalk no ar.
Cluster 2244 conectado.
Cluster 2242 desconectado.
Cluster 2241 desconectado.
Cluster 2244 desconectado.
Cluster 2241 finalizado.
Cluster 2242 finalizado.
Cluster 2244 finalizado.
Ntalk no ar.
Cluster 2243 conectado.
Cluster 2243 desconectado.
Cluster 2243 finalizado.
consign v0.1.6 Initialized in /Users/gustavolopes/Documents/Estudos/nodejs-casa-do-codigo/ntalk
consign v0.1.6 Initialized in /Users/gustavolopes/Documents/Estudos/nodejs-casa-do-codigo/ntalk
+ ./models/usuario.js
+ ./controllers/chat.js
+ ./controllers/contatos.js
+ ./controllers/home.js
+ ./routes/chat.js
+ ./routes/contatos.js
+ ./routes/home.js
+ ./events/chat.js
+ ./models/usuario.js
consign v0.1.6 Initialized in /Users/gustavolopes/Documents/Estudos/nodejs-casa-do-codigo/ntalk
+ ./controllers/chat.js
+ ./controllers/contatos.js
+ ./controllers/home.js
+ ./routes/chat.js
+ ./routes/contatos.js
+ ./routes/home.js
+ ./events/chat.js
+ ./models/usuario.js
+ ./controllers/chat.js
+ ./controllers/contatos.js
+ ./controllers/home.js
+ ./routes/chat.js
+ ./routes/contatos.js
+ ./routes/home.js
+ ./events/chat.js
consign v0.1.6 Initialized in /Users/gustavolopes/Documents/Estudos/nodejs-casa-do-codigo/ntalk
+ ./models/usuario.js
+ ./controllers/chat.js
+ ./controllers/contatos.js
+ ./controllers/home.js
+ ./routes/chat.js
+ ./routes/contatos.js
+ ./routes/home.js
+ ./events/chat.js
Ntalk no ar.
Cluster 2248 conectado.
Ntalk no ar.
Cluster 2247 conectado.
Cluster 2247 desconectado.
Cluster 2247 finalizado.
Ntalk no ar.
Cluster 2246 conectado.
Ntalk no ar.
Cluster 2249 conectado.
Cluster 2248 desconectado.
Cluster 2248 finalizado.
Cluster 2246 desconectado.
Cluster 2246 finalizado.
Cluster 2249 desconectado.
Cluster 2249 finalizado.
consign v0.1.6 Initialized in /Users/gustavolopes/Documents/Estudos/nodejs-casa-do-codigo/ntalk
consign v0.1.6 Initialized in /Users/gustavolopes/Documents/Estudos/nodejs-casa-do-codigo/ntalk
+ ./models/usuario.js
+ ./models/usuario.js
+ ./controllers/chat.js
+ ./controllers/chat.js
+ ./controllers/contatos.js
+ ./controllers/home.js
+ ./controllers/contatos.js
+ ./controllers/home.js
+ ./routes/chat.js
+ ./routes/contatos.js
+ ./routes/home.js
+ ./routes/chat.js
+ ./events/chat.js
+ ./routes/contatos.js
+ ./routes/home.js
+ ./events/chat.js
consign v0.1.6 Initialized in /Users/gustavolopes/Documents/Estudos/nodejs-casa-do-codigo/ntalk
+ ./models/usuario.js
+ ./controllers/chat.js
+ ./controllers/contatos.js
+ ./controllers/home.js
+ ./routes/chat.js
+ ./routes/contatos.js
+ ./routes/home.js
+ ./events/chat.js
consign v0.1.6 Initialized in /Users/gustavolopes/Documents/Estudos/nodejs-casa-do-codigo/ntalk
+ ./models/usuario.js
+ ./controllers/chat.js
+ ./controllers/contatos.js
+ ./controllers/home.js
+ ./routes/chat.js
+ ./routes/contatos.js
+ ./routes/home.js
+ ./events/chat.js
Ntalk no ar.
Cluster 2252 conectado.
Ntalk no ar.
Cluster 2253 conectado.
Ntalk no ar.
Cluster 2251 conectado.
Cluster 2252 desconectado.
Cluster 2252 finalizado.
Cluster 2253 desconectado.
Cluster 2253 finalizado.
Cluster 2251 desconectado.
Cluster 2251 finalizado.
Ntalk no ar.
Cluster 2254 conectado.
Cluster 2254 desconectado.
Cluster 2254 finalizado.
consign v0.1.6 Initialized in /Users/gustavolopes/Documents/Estudos/nodejs-casa-do-codigo/ntalk
+ ./models/usuario.js
+ ./controllers/chat.js
+ ./controllers/contatos.js
+ ./controllers/home.js
+ ./routes/chat.js
+ ./routes/contatos.js
+ ./routes/home.js
+ ./events/chat.js
consign v0.1.6 Initialized in /Users/gustavolopes/Documents/Estudos/nodejs-casa-do-codigo/ntalk
+ ./models/usuario.js
+ ./controllers/chat.js
+ ./controllers/contatos.js
+ ./controllers/home.js
+ ./routes/chat.js
+ ./routes/contatos.js
+ ./routes/home.js
+ ./events/chat.js
consign v0.1.6 Initialized in /Users/gustavolopes/Documents/Estudos/nodejs-casa-do-codigo/ntalk
+ ./models/usuario.js
+ ./controllers/chat.js
+ ./controllers/contatos.js
+ ./controllers/home.js
+ ./routes/chat.js
+ ./routes/contatos.js
+ ./routes/home.js
+ ./events/chat.js
consign v0.1.6 Initialized in /Users/gustavolopes/Documents/Estudos/nodejs-casa-do-codigo/ntalk
+ ./models/usuario.js
+ ./controllers/chat.js
+ ./controllers/contatos.js
+ ./controllers/home.js
+ ./routes/chat.js
+ ./routes/contatos.js
+ ./routes/home.js
+ ./events/chat.js
Ntalk no ar.
Cluster 2259 conectado.
Cluster 2259 desconectado.
Cluster 2259 finalizado.
Ntalk no ar.
Ntalk no ar.
Cluster 2257 conectado.
Cluster 2258 conectado.
Cluster 2257 desconectado.
Cluster 2257 finalizado.
Cluster 2258 desconectado.
Cluster 2258 finalizado.
Ntalk no ar.
Cluster 2260 conectado.
Cluster 2260 desconectado.
Cluster 2260 finalizado.
consign v0.1.6 Initialized in /Users/gustavolopes/Documents/Estudos/nodejs-casa-do-codigo/ntalk
+ ./models/usuario.js
+ ./controllers/chat.js
+ ./controllers/contatos.js
+ ./controllers/home.js
+ ./routes/chat.js
+ ./routes/contatos.js
+ ./routes/home.js
+ ./events/chat.js
consign v0.1.6 Initialized in /Users/gustavolopes/Documents/Estudos/nodejs-casa-do-codigo/ntalk
+ ./models/usuario.js
+ ./controllers/chat.js
+ ./controllers/contatos.js
+ ./controllers/home.js
+ ./routes/chat.js
+ ./routes/contatos.js
+ ./routes/home.js
+ ./events/chat.js
consign v0.1.6 Initialized in /Users/gustavolopes/Documents/Estudos/nodejs-casa-do-codigo/ntalk
+ ./models/usuario.js
+ ./controllers/chat.js
+ ./controllers/contatos.js
+ ./controllers/home.js
+ ./routes/chat.js
+ ./routes/contatos.js
+ ./routes/home.js
+ ./events/chat.js
consign v0.1.6 Initialized in /Users/gustavolopes/Documents/Estudos/nodejs-casa-do-codigo/ntalk
+ ./models/usuario.js
+ ./controllers/chat.js
+ ./controllers/contatos.js
+ ./controllers/home.js
+ ./routes/chat.js
+ ./routes/contatos.js
+ ./routes/home.js
+ ./events/chat.js
