consign v0.1.6 Initialized in /Users/gustavolopes/Documents/Estudos/nodejs-casa-do-codigo/ntalk
consign v0.1.6 Initialized in /Users/gustavolopes/Documents/Estudos/nodejs-casa-do-codigo/ntalk
+ ./models/usuario.js
+ ./models/usuario.js
+ ./controllers/chat.js
+ ./controllers/chat.js
+ ./controllers/contatos.js
+ ./controllers/contatos.js
+ ./controllers/home.js
+ ./controllers/home.js
+ ./routes/chat.js
+ ./routes/contatos.js
+ ./routes/home.js
+ ./routes/chat.js
+ ./routes/contatos.js
+ ./routes/home.js
+ ./events/chat.js
+ ./events/chat.js
consign v0.1.6 Initialized in /Users/gustavolopes/Documents/Estudos/nodejs-casa-do-codigo/ntalk
consign v0.1.6 Initialized in /Users/gustavolopes/Documents/Estudos/nodejs-casa-do-codigo/ntalk
+ ./models/usuario.js
+ ./controllers/chat.js
+ ./controllers/contatos.js
+ ./controllers/home.js
+ ./models/usuario.js
+ ./routes/chat.js
+ ./routes/contatos.js
+ ./routes/home.js
+ ./controllers/chat.js
+ ./controllers/contatos.js
+ ./events/chat.js
+ ./controllers/home.js
+ ./routes/chat.js
+ ./routes/contatos.js
+ ./routes/home.js
+ ./events/chat.js
Ntalk no ar.
Cluster 3108 conectado.
Ntalk no ar.
Cluster 3110 conectado.
Ntalk no ar.
Cluster 3109 conectado.
Ntalk no ar.
Cluster 3107 conectado.
consign v0.1.6 Initialized in /Users/gustavolopes/Documents/Estudos/nodejs-casa-do-codigo/ntalk
consign v0.1.6 Initialized in /Users/gustavolopes/Documents/Estudos/nodejs-casa-do-codigo/ntalk
+ ./models/usuario.js
+ ./controllers/chat.js
+ ./controllers/contatos.js
+ ./controllers/home.js
+ ./routes/chat.js
+ ./routes/contatos.js
+ ./models/usuario.js
+ ./routes/home.js
+ ./events/chat.js
consign v0.1.6 Initialized in /Users/gustavolopes/Documents/Estudos/nodejs-casa-do-codigo/ntalk
+ ./models/usuario.js
+ ./controllers/chat.js
+ ./controllers/contatos.js
+ ./controllers/chat.js
+ ./controllers/home.js
+ ./controllers/contatos.js
+ ./controllers/home.js
+ ./routes/chat.js
+ ./routes/contatos.js
+ ./routes/chat.js
+ ./routes/home.js
+ ./routes/contatos.js
+ ./routes/home.js
+ ./events/chat.js
+ ./events/chat.js
consign v0.1.6 Initialized in /Users/gustavolopes/Documents/Estudos/nodejs-casa-do-codigo/ntalk
+ ./models/usuario.js
+ ./controllers/chat.js
+ ./controllers/contatos.js
+ ./controllers/home.js
+ ./routes/chat.js
+ ./routes/contatos.js
+ ./routes/home.js
+ ./events/chat.js
Ntalk no ar.
Cluster 3120 conectado.
Ntalk no ar.
Cluster 3119 conectado.
Ntalk no ar.
Cluster 3121 conectado.
Ntalk no ar.
Cluster 3118 conectado.
consign v0.1.6 Initialized in /Users/gustavolopes/Documents/Estudos/nodejs-casa-do-codigo/ntalk
+ ./models/usuario.js
+ ./controllers/chat.js
+ ./controllers/contatos.js
+ ./controllers/home.js
+ ./routes/chat.js
+ ./routes/contatos.js
+ ./routes/home.js
+ ./events/chat.js
consign v0.1.6 Initialized in /Users/gustavolopes/Documents/Estudos/nodejs-casa-do-codigo/ntalk
+ ./models/usuario.js
+ ./controllers/chat.js
+ ./controllers/contatos.js
+ ./controllers/home.js
+ ./routes/chat.js
+ ./routes/contatos.js
+ ./routes/home.js
+ ./events/chat.js
consign v0.1.6 Initialized in /Users/gustavolopes/Documents/Estudos/nodejs-casa-do-codigo/ntalk
consign v0.1.6 Initialized in /Users/gustavolopes/Documents/Estudos/nodejs-casa-do-codigo/ntalk
+ ./models/usuario.js
+ ./controllers/chat.js
+ ./controllers/contatos.js
+ ./controllers/home.js
+ ./routes/chat.js
+ ./routes/contatos.js
+ ./routes/home.js
+ ./events/chat.js
+ ./models/usuario.js
+ ./controllers/chat.js
+ ./controllers/contatos.js
+ ./controllers/home.js
+ ./routes/chat.js
+ ./routes/contatos.js
+ ./routes/home.js
+ ./events/chat.js
Ntalk no ar.
Cluster 3139 conectado.
Ntalk no ar.
Cluster 3140 conectado.
Ntalk no ar.
Cluster 3142 conectado.
Ntalk no ar.
Cluster 3141 conectado.
consign v0.1.6 Initialized in /Users/gustavolopes/Documents/Estudos/nodejs-casa-do-codigo/ntalk
consign v0.1.6 Initialized in /Users/gustavolopes/Documents/Estudos/nodejs-casa-do-codigo/ntalk
consign v0.1.6 Initialized in /Users/gustavolopes/Documents/Estudos/nodejs-casa-do-codigo/ntalk
consign v0.1.6 Initialized in /Users/gustavolopes/Documents/Estudos/nodejs-casa-do-codigo/ntalk
+ ./models/usuario.js
+ ./models/usuario.js
+ ./models/usuario.js
+ ./models/usuario.js
+ ./controllers/chat.js
+ ./controllers/chat.js
+ ./controllers/chat.js
+ ./controllers/chat.js
+ ./controllers/contatos.js
+ ./controllers/contatos.js
+ ./controllers/contatos.js
+ ./controllers/contatos.js
+ ./controllers/home.js
+ ./controllers/home.js
+ ./controllers/home.js
+ ./controllers/home.js
+ ./routes/chat.js
+ ./routes/chat.js
+ ./routes/chat.js
+ ./routes/chat.js
+ ./routes/contatos.js
+ ./routes/contatos.js
+ ./routes/contatos.js
+ ./routes/contatos.js
+ ./routes/home.js
+ ./routes/home.js
+ ./routes/home.js
+ ./routes/home.js
+ ./events/chat.js
+ ./events/chat.js
+ ./events/chat.js
+ ./events/chat.js
Ntalk no ar.
Ntalk no ar.
Cluster 3448 conectado.
Ntalk no ar.
Cluster 3449 conectado.
Cluster 3446 conectado.
Ntalk no ar.
Cluster 3447 conectado.
consign v0.1.6 Initialized in /Users/gustavolopes/Documents/Estudos/nodejs-casa-do-codigo/ntalk
+ ./models/usuario.js
+ ./controllers/chat.js
+ ./controllers/contatos.js
+ ./controllers/home.js
+ ./routes/chat.js
+ ./routes/contatos.js
+ ./routes/home.js
+ ./events/chat.js
consign v0.1.6 Initialized in /Users/gustavolopes/Documents/Estudos/nodejs-casa-do-codigo/ntalk
+ ./models/usuario.js
+ ./controllers/chat.js
+ ./controllers/contatos.js
+ ./controllers/home.js
+ ./routes/chat.js
+ ./routes/contatos.js
+ ./routes/home.js
+ ./events/chat.js
consign v0.1.6 Initialized in /Users/gustavolopes/Documents/Estudos/nodejs-casa-do-codigo/ntalk
+ ./models/usuario.js
+ ./controllers/chat.js
+ ./controllers/contatos.js
+ ./controllers/home.js
+ ./routes/chat.js
+ ./routes/contatos.js
+ ./routes/home.js
+ ./events/chat.js
consign v0.1.6 Initialized in /Users/gustavolopes/Documents/Estudos/nodejs-casa-do-codigo/ntalk
+ ./models/usuario.js
+ ./controllers/chat.js
+ ./controllers/contatos.js
+ ./controllers/home.js
+ ./routes/chat.js
+ ./routes/contatos.js
+ ./routes/home.js
+ ./events/chat.js
Ntalk no ar.
Cluster 3461 conectado.
Ntalk no ar.
Cluster 3462 conectado.
Ntalk no ar.
Cluster 3460 conectado.
Ntalk no ar.
Cluster 3463 conectado.
consign v0.1.6 Initialized in /Users/gustavolopes/Documents/Estudos/nodejs-casa-do-codigo/ntalk
+ ./models/usuario.js
+ ./controllers/chat.js
+ ./controllers/contatos.js
+ ./controllers/home.js
+ ./routes/chat.js
+ ./routes/contatos.js
+ ./routes/home.js
+ ./events/chat.js
consign v0.1.6 Initialized in /Users/gustavolopes/Documents/Estudos/nodejs-casa-do-codigo/ntalk
+ ./models/usuario.js
+ ./controllers/chat.js
+ ./controllers/contatos.js
+ ./controllers/home.js
consign v0.1.6 Initialized in /Users/gustavolopes/Documents/Estudos/nodejs-casa-do-codigo/ntalk
+ ./routes/chat.js
+ ./routes/contatos.js
+ ./routes/home.js
+ ./events/chat.js
+ ./models/usuario.js
+ ./controllers/chat.js
+ ./controllers/contatos.js
+ ./controllers/home.js
+ ./routes/chat.js
+ ./routes/contatos.js
+ ./routes/home.js
+ ./events/chat.js
consign v0.1.6 Initialized in /Users/gustavolopes/Documents/Estudos/nodejs-casa-do-codigo/ntalk
+ ./models/usuario.js
+ ./controllers/chat.js
+ ./controllers/contatos.js
+ ./controllers/home.js
+ ./routes/chat.js
+ ./routes/contatos.js
+ ./routes/home.js
+ ./events/chat.js
Ntalk no ar.
Cluster 3472 conectado.
Ntalk no ar.
Ntalk no ar.
Cluster 3473 conectado.
Cluster 3474 conectado.
Ntalk no ar.
Cluster 3471 conectado.
